<?xml version="1.0" encoding="UTF-8"?>
<!-- Generated by org.testng.reporters.JUnitReportReporter -->
<testsuite hostname="CISPL-IO-589" failures="0" tests="1" name="inheritance_super_this_keyword.ps" time="0.081" errors="0" timestamp="2024-12-09T15:54:13 IST" skipped="0">
  <testcase classname="inheritance_super_this_keyword.ps" name="firstmethod" time="0.081"/>
</testsuite> <!-- inheritance_super_this_keyword.ps -->
